<?xml version="1.0" encoding="UTF-8"?>
<!-- Generated by org.testng.reporters.JUnitReportReporter -->
<testsuite hostname="DESKTOP-A61E2P4" failures="0" tests="3" name="apiTests.ReqresTests" time="7.807" errors="0" timestamp="2022-07-19T03:41:40 EDT" skipped="0">
  <testcase classname="apiTests.ReqresTests" name="registerSuccessful" time="0.546"/>
  <system-out/>
  <testcase classname="apiTests.ReqresTests" name="loginSuccessful" time="0.325"/>
  <system-out/>
  <testcase classname="apiTests.ReqresTests" name="getSingleUserCredentials" time="6.936"/>
  <system-out/>
</testsuite> <!-- apiTests.ReqresTests -->
