<?xml version="1.0" encoding="UTF-8"?>
<!-- Generated by org.testng.reporters.JUnitReportReporter -->
<testsuite hostname="DESKTOP-A61E2P4" failures="0" tests="3" name="pageObjectTests.LoginTest" time="24.901" errors="0" timestamp="2022-07-19T04:14:10 EDT" skipped="0">
  <testcase classname="pageObjectTests.LoginTest" name="logInToAccount_wrongUsername" time="4.625"/>
  <system-out/>
  <testcase classname="pageObjectTests.LoginTest" name="logInToAccount" time="8.468"/>
  <system-out/>
  <testcase classname="pageObjectTests.LoginTest" name="logInToAccount_wrongPassword" time="11.808"/>
  <system-out/>
</testsuite> <!-- pageObjectTests.LoginTest -->
