<?xml version="1.0" encoding="UTF-8"?>
<!-- Generated by org.testng.reporters.JUnitReportReporter -->
<testsuite hostname="DESKTOP-A61E2P4" failures="0" tests="1" name="pageObjectTests.LogoutTest" time="16.205" errors="0" timestamp="2022-07-19T04:14:10 EDT" skipped="0">
  <testcase classname="pageObjectTests.LogoutTest" name="logOutOfAccount" time="16.205"/>
  <system-out/>
</testsuite> <!-- pageObjectTests.LogoutTest -->
